<?xml version="1.0" encoding="UTF-8"?>
<!-- Generated by org.testng.reporters.JUnitReportReporter -->
<testsuite hostname="sanjay" failures="0" tests="1" name="api.TestCases.PostAPITest" time="1.527" errors="0" timestamp="20 Apr 2019 16:39:09 GMT">
  <testcase classname="api.TestCases.PostAPITest" name="postAPITest" time="1.527"/>
</testsuite> <!-- api.TestCases.PostAPITest -->
