<?xml version="1.0" encoding="UTF-8"?>
<!-- Generated by org.testng.reporters.JUnitReportReporter -->
<testsuite hostname="sanjay" failures="0" tests="3" name="api.TestCases.GetApiTest" time="1.955" errors="0" timestamp="19 Apr 2019 17:40:31 GMT">
  <testcase classname="api.TestCases.GetApiTest" name="GetTestwithoutHeader" time="0.330"/>
  <testcase classname="api.TestCases.GetApiTest" name="GetTestwithHeader" time="1.119"/>
  <testcase classname="api.TestCases.GetApiTest" name="simpleGetTest" time="0.506"/>
</testsuite> <!-- api.TestCases.GetApiTest -->
