<?xml version="1.0" encoding="UTF-8"?>
<!-- Generated by org.testng.reporters.JUnitReportReporter -->
<testsuite hostname="sanjay" failures="0" tests="1" name="api.TestCases.PutAPITest" time="1.465" errors="0" timestamp="20 Apr 2019 17:30:15 GMT">
  <testcase classname="api.TestCases.PutAPITest" name="putAPITest" time="1.465"/>
</testsuite> <!-- api.TestCases.PutAPITest -->
